0 info it worked if it ends with ok
1 verbose cli [ '/Users/rahul/.nvm/versions/node/v7.5.0/bin/node',
1 verbose cli   '/Users/rahul/.nvm/versions/node/v7.5.0/bin/npm',
1 verbose cli   'run',
1 verbose cli   'server' ]
2 info using npm@4.1.2
3 info using node@v7.5.0
4 verbose stack Error: missing script: server
4 verbose stack     at run (/Users/rahul/.nvm/versions/node/v7.5.0/lib/node_modules/npm/lib/run-script.js:151:19)
4 verbose stack     at /Users/rahul/.nvm/versions/node/v7.5.0/lib/node_modules/npm/lib/run-script.js:61:5
4 verbose stack     at /Users/rahul/.nvm/versions/node/v7.5.0/lib/node_modules/npm/node_modules/read-package-json/read-json.js:356:5
4 verbose stack     at checkBinReferences_ (/Users/rahul/.nvm/versions/node/v7.5.0/lib/node_modules/npm/node_modules/read-package-json/read-json.js:320:45)
4 verbose stack     at final (/Users/rahul/.nvm/versions/node/v7.5.0/lib/node_modules/npm/node_modules/read-package-json/read-json.js:354:3)
4 verbose stack     at then (/Users/rahul/.nvm/versions/node/v7.5.0/lib/node_modules/npm/node_modules/read-package-json/read-json.js:124:5)
4 verbose stack     at ReadFileContext.<anonymous> (/Users/rahul/.nvm/versions/node/v7.5.0/lib/node_modules/npm/node_modules/read-package-json/read-json.js:295:20)
4 verbose stack     at ReadFileContext.callback (/Users/rahul/.nvm/versions/node/v7.5.0/lib/node_modules/npm/node_modules/graceful-fs/graceful-fs.js:78:16)
4 verbose stack     at FSReqWrap.readFileAfterOpen [as oncomplete] (fs.js:336:13)
5 verbose cwd /Users/rahul/Documents/hackday
6 error Darwin 15.6.0
7 error argv "/Users/rahul/.nvm/versions/node/v7.5.0/bin/node" "/Users/rahul/.nvm/versions/node/v7.5.0/bin/npm" "run" "server"
8 error node v7.5.0
9 error npm  v4.1.2
10 error missing script: server
11 error If you need help, you may report this error at:
11 error     <https://github.com/npm/npm/issues>
12 verbose exit [ 1, true ]
